[2024-09-30T10:06:31.591+0000] {taskinstance.py:1083} INFO - Dependencies all met for <TaskInstance: music_recommendation_system.load_and_preprocess_data scheduled__2024-09-30T10:05:29.449082+00:00 [queued]>
[2024-09-30T10:06:31.604+0000] {taskinstance.py:1083} INFO - Dependencies all met for <TaskInstance: music_recommendation_system.load_and_preprocess_data scheduled__2024-09-30T10:05:29.449082+00:00 [queued]>
[2024-09-30T10:06:31.605+0000] {taskinstance.py:1279} INFO - 
--------------------------------------------------------------------------------
[2024-09-30T10:06:31.606+0000] {taskinstance.py:1280} INFO - Starting attempt 1 of 2
[2024-09-30T10:06:31.606+0000] {taskinstance.py:1281} INFO - 
--------------------------------------------------------------------------------
[2024-09-30T10:06:31.628+0000] {taskinstance.py:1300} INFO - Executing <Task(PythonOperator): load_and_preprocess_data> on 2024-09-30 10:05:29.449082+00:00
[2024-09-30T10:06:31.639+0000] {standard_task_runner.py:55} INFO - Started process 1892 to run task
[2024-09-30T10:06:31.643+0000] {standard_task_runner.py:82} INFO - Running: ['***', 'tasks', 'run', 'music_recommendation_system', 'load_and_preprocess_data', 'scheduled__2024-09-30T10:05:29.449082+00:00', '--job-id', '201', '--raw', '--subdir', 'DAGS_FOLDER/music_recommendation_retraining.py', '--cfg-path', '/tmp/tmpf3rdh1ar']
[2024-09-30T10:06:31.647+0000] {standard_task_runner.py:83} INFO - Job 201: Subtask load_and_preprocess_data
[2024-09-30T10:06:31.663+0000] {logging_mixin.py:137} WARNING - /home/***/.local/lib/python3.7/site-packages/***/settings.py:249 DeprecationWarning: The sql_alchemy_conn option in [core] has been moved to the sql_alchemy_conn option in [database] - the old setting has been used, but please update your config.
[2024-09-30T10:06:31.685+0000] {logging_mixin.py:137} WARNING - /home/***/.local/lib/python3.7/site-packages/***/utils/sqlalchemy.py:124 DeprecationWarning: The sql_alchemy_conn option in [core] has been moved to the sql_alchemy_conn option in [database] - the old setting has been used, but please update your config.
[2024-09-30T10:06:31.718+0000] {task_command.py:388} INFO - Running <TaskInstance: music_recommendation_system.load_and_preprocess_data scheduled__2024-09-30T10:05:29.449082+00:00 [running]> on host 1adfe0f4f205
[2024-09-30T10:06:31.795+0000] {taskinstance.py:1509} INFO - Exporting the following env vars:
AIRFLOW_CTX_DAG_OWNER=***
AIRFLOW_CTX_DAG_ID=music_recommendation_system
AIRFLOW_CTX_TASK_ID=load_and_preprocess_data
AIRFLOW_CTX_EXECUTION_DATE=2024-09-30T10:05:29.449082+00:00
AIRFLOW_CTX_TRY_NUMBER=1
AIRFLOW_CTX_DAG_RUN_ID=scheduled__2024-09-30T10:05:29.449082+00:00
[2024-09-30T10:06:32.413+0000] {python.py:177} INFO - Done. Returned value was: None
[2024-09-30T10:06:32.424+0000] {taskinstance.py:1323} INFO - Marking task as SUCCESS. dag_id=music_recommendation_system, task_id=load_and_preprocess_data, execution_date=20240930T100529, start_date=20240930T100631, end_date=20240930T100632
[2024-09-30T10:06:32.432+0000] {logging_mixin.py:137} INFO - Exception: Traceback (most recent call last):
  File "/home/***/.local/lib/python3.7/site-packages/datahub_***_plugin/datahub_plugin_v22.py", line 258, in custom_on_success_callback
    datahub_task_status_callback(context, status=InstanceRunResult.SUCCESS)
  File "/home/***/.local/lib/python3.7/site-packages/datahub_***_plugin/datahub_plugin_v22.py", line 105, in datahub_task_status_callback
    DatahubGenericHook(config.datahub_conn_id).get_underlying_hook().make_emitter()
  File "/home/***/.local/lib/python3.7/site-packages/datahub_***_plugin/hooks/datahub.py", line 255, in get_underlying_hook
    conn = self.get_connection(self.datahub_conn_id)
  File "/home/***/.local/lib/python3.7/site-packages/***/hooks/base.py", line 72, in get_connection
    conn = Connection.get_connection_from_secrets(conn_id)
  File "/home/***/.local/lib/python3.7/site-packages/***/models/connection.py", line 435, in get_connection_from_secrets
    raise AirflowNotFoundException(f"The conn_id `{conn_id}` isn't defined")
***.exceptions.AirflowNotFoundException: The conn_id `datahub_rest_default` isn't defined
[2024-09-30T10:06:32.498+0000] {local_task_job.py:208} INFO - Task exited with return code 0
[2024-09-30T10:06:32.535+0000] {taskinstance.py:2578} INFO - 1 downstream tasks scheduled from follow-on schedule check
