[2024-09-30T09:57:19.095+0000] {taskinstance.py:1083} INFO - Dependencies all met for <TaskInstance: music_recommendation_system.split_data scheduled__2024-09-30T09:44:23.510351+00:00 [queued]>
[2024-09-30T09:57:19.121+0000] {taskinstance.py:1083} INFO - Dependencies all met for <TaskInstance: music_recommendation_system.split_data scheduled__2024-09-30T09:44:23.510351+00:00 [queued]>
[2024-09-30T09:57:19.122+0000] {taskinstance.py:1279} INFO - 
--------------------------------------------------------------------------------
[2024-09-30T09:57:19.124+0000] {taskinstance.py:1280} INFO - Starting attempt 1 of 2
[2024-09-30T09:57:19.125+0000] {taskinstance.py:1281} INFO - 
--------------------------------------------------------------------------------
[2024-09-30T09:57:19.163+0000] {taskinstance.py:1300} INFO - Executing <Task(PythonOperator): split_data> on 2024-09-30 09:44:23.510351+00:00
[2024-09-30T09:57:19.180+0000] {standard_task_runner.py:55} INFO - Started process 1664 to run task
[2024-09-30T09:57:19.188+0000] {standard_task_runner.py:82} INFO - Running: ['***', 'tasks', 'run', 'music_recommendation_system', 'split_data', 'scheduled__2024-09-30T09:44:23.510351+00:00', '--job-id', '159', '--raw', '--subdir', 'DAGS_FOLDER/music_recommendation_retraining.py', '--cfg-path', '/tmp/tmpvdj723jl']
[2024-09-30T09:57:19.199+0000] {standard_task_runner.py:83} INFO - Job 159: Subtask split_data
[2024-09-30T09:57:19.250+0000] {logging_mixin.py:137} WARNING - /home/***/.local/lib/python3.7/site-packages/***/settings.py:249 DeprecationWarning: The sql_alchemy_conn option in [core] has been moved to the sql_alchemy_conn option in [database] - the old setting has been used, but please update your config.
[2024-09-30T09:57:19.308+0000] {logging_mixin.py:137} WARNING - /home/***/.local/lib/python3.7/site-packages/***/utils/sqlalchemy.py:124 DeprecationWarning: The sql_alchemy_conn option in [core] has been moved to the sql_alchemy_conn option in [database] - the old setting has been used, but please update your config.
[2024-09-30T09:57:19.383+0000] {task_command.py:388} INFO - Running <TaskInstance: music_recommendation_system.split_data scheduled__2024-09-30T09:44:23.510351+00:00 [running]> on host 1adfe0f4f205
[2024-09-30T09:57:19.551+0000] {taskinstance.py:1509} INFO - Exporting the following env vars:
AIRFLOW_CTX_DAG_OWNER=***
AIRFLOW_CTX_DAG_ID=music_recommendation_system
AIRFLOW_CTX_TASK_ID=split_data
AIRFLOW_CTX_EXECUTION_DATE=2024-09-30T09:44:23.510351+00:00
AIRFLOW_CTX_TRY_NUMBER=1
AIRFLOW_CTX_DAG_RUN_ID=scheduled__2024-09-30T09:44:23.510351+00:00
[2024-09-30T09:57:20.067+0000] {python.py:177} INFO - Done. Returned value was: None
[2024-09-30T09:57:20.089+0000] {taskinstance.py:1323} INFO - Marking task as SUCCESS. dag_id=music_recommendation_system, task_id=split_data, execution_date=20240930T094423, start_date=20240930T095719, end_date=20240930T095720
[2024-09-30T09:57:20.106+0000] {logging_mixin.py:137} INFO - Exception: Traceback (most recent call last):
  File "/home/***/.local/lib/python3.7/site-packages/datahub_***_plugin/datahub_plugin_v22.py", line 258, in custom_on_success_callback
    datahub_task_status_callback(context, status=InstanceRunResult.SUCCESS)
  File "/home/***/.local/lib/python3.7/site-packages/datahub_***_plugin/datahub_plugin_v22.py", line 105, in datahub_task_status_callback
    DatahubGenericHook(config.datahub_conn_id).get_underlying_hook().make_emitter()
  File "/home/***/.local/lib/python3.7/site-packages/datahub_***_plugin/hooks/datahub.py", line 255, in get_underlying_hook
    conn = self.get_connection(self.datahub_conn_id)
  File "/home/***/.local/lib/python3.7/site-packages/***/hooks/base.py", line 72, in get_connection
    conn = Connection.get_connection_from_secrets(conn_id)
  File "/home/***/.local/lib/python3.7/site-packages/***/models/connection.py", line 435, in get_connection_from_secrets
    raise AirflowNotFoundException(f"The conn_id `{conn_id}` isn't defined")
***.exceptions.AirflowNotFoundException: The conn_id `datahub_rest_default` isn't defined
[2024-09-30T09:57:20.209+0000] {local_task_job.py:208} INFO - Task exited with return code 0
[2024-09-30T09:57:20.258+0000] {taskinstance.py:2578} INFO - 1 downstream tasks scheduled from follow-on schedule check
