[2024-09-30T11:12:37.973+0000] {taskinstance.py:1083} INFO - Dependencies all met for <TaskInstance: music_recommendation_system.create_user_genre_matrix scheduled__2024-09-30T11:11:30.292045+00:00 [queued]>
[2024-09-30T11:12:37.995+0000] {taskinstance.py:1083} INFO - Dependencies all met for <TaskInstance: music_recommendation_system.create_user_genre_matrix scheduled__2024-09-30T11:11:30.292045+00:00 [queued]>
[2024-09-30T11:12:37.996+0000] {taskinstance.py:1279} INFO - 
--------------------------------------------------------------------------------
[2024-09-30T11:12:37.998+0000] {taskinstance.py:1280} INFO - Starting attempt 1 of 2
[2024-09-30T11:12:37.998+0000] {taskinstance.py:1281} INFO - 
--------------------------------------------------------------------------------
[2024-09-30T11:12:38.035+0000] {taskinstance.py:1300} INFO - Executing <Task(PythonOperator): create_user_genre_matrix> on 2024-09-30 11:11:30.292045+00:00
[2024-09-30T11:12:38.050+0000] {standard_task_runner.py:55} INFO - Started process 817 to run task
[2024-09-30T11:12:38.055+0000] {standard_task_runner.py:82} INFO - Running: ['***', 'tasks', 'run', 'music_recommendation_system', 'create_user_genre_matrix', 'scheduled__2024-09-30T11:11:30.292045+00:00', '--job-id', '420', '--raw', '--subdir', 'DAGS_FOLDER/music_recommendation_retraining.py', '--cfg-path', '/tmp/tmpzc7thugt']
[2024-09-30T11:12:38.061+0000] {standard_task_runner.py:83} INFO - Job 420: Subtask create_user_genre_matrix
[2024-09-30T11:12:38.097+0000] {logging_mixin.py:137} WARNING - /home/***/.local/lib/python3.7/site-packages/***/settings.py:249 DeprecationWarning: The sql_alchemy_conn option in [core] has been moved to the sql_alchemy_conn option in [database] - the old setting has been used, but please update your config.
[2024-09-30T11:12:38.137+0000] {logging_mixin.py:137} WARNING - /home/***/.local/lib/python3.7/site-packages/***/utils/sqlalchemy.py:124 DeprecationWarning: The sql_alchemy_conn option in [core] has been moved to the sql_alchemy_conn option in [database] - the old setting has been used, but please update your config.
[2024-09-30T11:12:38.193+0000] {task_command.py:388} INFO - Running <TaskInstance: music_recommendation_system.create_user_genre_matrix scheduled__2024-09-30T11:11:30.292045+00:00 [running]> on host cdcd403e68a1
[2024-09-30T11:12:38.327+0000] {taskinstance.py:1509} INFO - Exporting the following env vars:
AIRFLOW_CTX_DAG_OWNER=***
AIRFLOW_CTX_DAG_ID=music_recommendation_system
AIRFLOW_CTX_TASK_ID=create_user_genre_matrix
AIRFLOW_CTX_EXECUTION_DATE=2024-09-30T11:11:30.292045+00:00
AIRFLOW_CTX_TRY_NUMBER=1
AIRFLOW_CTX_DAG_RUN_ID=scheduled__2024-09-30T11:11:30.292045+00:00
[2024-09-30T11:15:46.862+0000] {local_task_job.py:112} ERROR - Received SIGTERM. Terminating subprocesses
[2024-09-30T11:15:46.881+0000] {process_utils.py:133} INFO - Sending Signals.SIGTERM to group 817. PIDs of all processes in the group: [817]
[2024-09-30T11:15:46.889+0000] {process_utils.py:84} INFO - Sending the signal Signals.SIGTERM to group 817
[2024-09-30T11:15:46.904+0000] {taskinstance.py:1479} ERROR - Received SIGTERM. Terminating subprocesses.
[2024-09-30T11:15:46.972+0000] {taskinstance.py:1768} ERROR - Task failed with exception
Traceback (most recent call last):
  File "/home/airflow/.local/lib/python3.7/site-packages/airflow/operators/python.py", line 175, in execute
    return_value = self.execute_callable()
  File "/home/airflow/.local/lib/python3.7/site-packages/airflow/operators/python.py", line 192, in execute_callable
    return self.python_callable(*self.op_args, **self.op_kwargs)
  File "/opt/airflow/dags/music_recommendation_retraining.py", line 81, in create_user_genre_matrix_task
    all_genres = set([genre for genres in df['artist_genres'] for genre in genres])
  File "/opt/airflow/dags/music_recommendation_retraining.py", line 26, in create_user_genre_matrix
    if not tracks_with_genre.empty:
  File "/home/airflow/.local/lib/python3.7/site-packages/pandas/core/frame.py", line 3427, in __getitem__
    return self._get_item_cache(key)
  File "/home/airflow/.local/lib/python3.7/site-packages/pandas/core/frame.py", line 3886, in _get_item_cache
    res = self._box_col_values(values, loc).__finalize__(self)
  File "/home/airflow/.local/lib/python3.7/site-packages/pandas/core/frame.py", line 3868, in _box_col_values
    return klass(values, index=self.index, name=name, fastpath=True)
  File "/home/airflow/.local/lib/python3.7/site-packages/pandas/core/series.py", line 448, in __init__
    self.name = name
  File "/home/airflow/.local/lib/python3.7/site-packages/pandas/core/generic.py", line 5509, in __setattr__
    object.__setattr__(self, name, value)
  File "/home/airflow/.local/lib/python3.7/site-packages/pandas/core/series.py", line 630, in name
    object.__setattr__(self, "_name", value)
  File "/home/airflow/.local/lib/python3.7/site-packages/airflow/models/taskinstance.py", line 1481, in signal_handler
    raise AirflowException("Task received SIGTERM signal")
airflow.exceptions.AirflowException: Task received SIGTERM signal
[2024-09-30T11:15:47.015+0000] {taskinstance.py:1323} INFO - Marking task as UP_FOR_RETRY. dag_id=music_recommendation_system, task_id=create_user_genre_matrix, execution_date=20240930T111130, start_date=20240930T111237, end_date=20240930T111547
[2024-09-30T11:15:47.065+0000] {logging_mixin.py:137} INFO - Exception: Traceback (most recent call last):
  File "/home/***/.local/lib/python3.7/site-packages/***/models/taskinstance.py", line 1374, in _run_raw_task
    self._execute_task_with_callbacks(context, test_mode)
  File "/home/***/.local/lib/python3.7/site-packages/***/models/taskinstance.py", line 1520, in _execute_task_with_callbacks
    result = self._execute_task(context, task_orig)
  File "/home/***/.local/lib/python3.7/site-packages/***/models/taskinstance.py", line 1581, in _execute_task
    result = execute_callable(context=context)
  File "/home/***/.local/lib/python3.7/site-packages/***/operators/python.py", line 175, in execute
    return_value = self.execute_callable()
  File "/home/***/.local/lib/python3.7/site-packages/***/operators/python.py", line 192, in execute_callable
    return self.python_callable(*self.op_args, **self.op_kwargs)
  File "/opt/***/dags/music_recommendation_retraining.py", line 81, in create_user_genre_matrix_task
    all_genres = set([genre for genres in df['artist_genres'] for genre in genres])
  File "/opt/***/dags/music_recommendation_retraining.py", line 26, in create_user_genre_matrix
    if not tracks_with_genre.empty:
  File "/home/***/.local/lib/python3.7/site-packages/pandas/core/frame.py", line 3427, in __getitem__
    return self._get_item_cache(key)
  File "/home/***/.local/lib/python3.7/site-packages/pandas/core/frame.py", line 3886, in _get_item_cache
    res = self._box_col_values(values, loc).__finalize__(self)
  File "/home/***/.local/lib/python3.7/site-packages/pandas/core/frame.py", line 3868, in _box_col_values
    return klass(values, index=self.index, name=name, fastpath=True)
  File "/home/***/.local/lib/python3.7/site-packages/pandas/core/series.py", line 448, in __init__
    self.name = name
  File "/home/***/.local/lib/python3.7/site-packages/pandas/core/generic.py", line 5509, in __setattr__
    object.__setattr__(self, name, value)
  File "/home/***/.local/lib/python3.7/site-packages/pandas/core/series.py", line 630, in name
    object.__setattr__(self, "_name", value)
  File "/home/***/.local/lib/python3.7/site-packages/***/models/taskinstance.py", line 1481, in signal_handler
    raise AirflowException("Task received SIGTERM signal")
***.exceptions.AirflowException: Task received SIGTERM signal

During handling of the above exception, another exception occurred:

Traceback (most recent call last):
  File "/home/***/.local/lib/python3.7/site-packages/datahub_***_plugin/datahub_plugin_v22.py", line 279, in custom_on_retry_callback
    context, status=InstanceRunResult.UP_FOR_RETRY
  File "/home/***/.local/lib/python3.7/site-packages/datahub_***_plugin/datahub_plugin_v22.py", line 105, in datahub_task_status_callback
    DatahubGenericHook(config.datahub_conn_id).get_underlying_hook().make_emitter()
  File "/home/***/.local/lib/python3.7/site-packages/datahub_***_plugin/hooks/datahub.py", line 255, in get_underlying_hook
    conn = self.get_connection(self.datahub_conn_id)
  File "/home/***/.local/lib/python3.7/site-packages/***/hooks/base.py", line 72, in get_connection
    conn = Connection.get_connection_from_secrets(conn_id)
  File "/home/***/.local/lib/python3.7/site-packages/***/models/connection.py", line 435, in get_connection_from_secrets
    raise AirflowNotFoundException(f"The conn_id `{conn_id}` isn't defined")
***.exceptions.AirflowNotFoundException: The conn_id `datahub_rest_default` isn't defined
[2024-09-30T11:15:48.898+0000] {standard_task_runner.py:105} ERROR - Failed to execute job 420 for task create_user_genre_matrix (Task received SIGTERM signal; 817)
[2024-09-30T11:15:48.952+0000] {process_utils.py:79} INFO - Process psutil.Process(pid=817, status='terminated', exitcode=1, started='11:12:38') (817) terminated with exit code 1
[2024-09-30T11:15:48.953+0000] {local_task_job.py:208} INFO - Task exited with return code 143
[2024-09-30T11:15:48.984+0000] {taskinstance.py:2578} INFO - 0 downstream tasks scheduled from follow-on schedule check
[2024-09-30T11:15:50.012+0000] {local_task_job.py:112} ERROR - Received SIGTERM. Terminating subprocesses
[2024-09-30T11:15:50.013+0000] {local_task_job.py:208} INFO - Task exited with return code 143
